\BOOKMARK [0][-]{chapter*.1}{\315ndice General}{}% 1
\BOOKMARK [0][-]{chapter*.2}{\315ndice de Figuras}{}% 2
\BOOKMARK [0][-]{chapter*.3}{\315ndice de Tablas}{}% 3
\BOOKMARK [0][-]{chapter.1}{Introducci\363n}{}% 4
\BOOKMARK [1][-]{section.1.1}{Motivaci\363n}{chapter.1}% 5
\BOOKMARK [1][-]{section.1.2}{Problema General}{chapter.1}% 6
\BOOKMARK [1][-]{section.1.3}{Objetivos del Proyecto}{chapter.1}% 7
\BOOKMARK [1][-]{section.1.4}{Organizaci\363n de la Tesis}{chapter.1}% 8
\BOOKMARK [0][-]{chapter.2}{Antecedentes}{}% 9
\BOOKMARK [1][-]{section.2.1}{Estabilizaci\363n de L\355nea de Vista}{chapter.2}% 10
\BOOKMARK [1][-]{section.2.2}{Plataformas de Estabilizaci\363n Inercial Aerotransportadas}{chapter.2}% 11
\BOOKMARK [1][-]{section.2.3}{Integraci\363n de los Sistemas de Estabilizaci\363n Inercial}{chapter.2}% 12
\BOOKMARK [1][-]{section.2.4}{Entorno Operativo}{chapter.2}% 13
\BOOKMARK [1][-]{section.2.5}{Revisi\363n Bibliogr\341fica}{chapter.2}% 14
\BOOKMARK [0][-]{chapter.3}{Din\341mica y Cinem\341tica}{}% 15
\BOOKMARK [1][-]{section.3.1}{Descripci\363n del Sistema}{chapter.3}% 16
\BOOKMARK [1][-]{section.3.2}{Cin\351matica}{chapter.3}% 17
\BOOKMARK [2][-]{subsection.3.2.1}{Transformaciones b\341sicas entre marcos de referencia}{section.3.2}% 18
\BOOKMARK [2][-]{subsection.3.2.2}{C\341lculo de las velocidades angulares relativas}{section.3.2}% 19
\BOOKMARK [2][-]{subsection.3.2.3}{Relaciones cin\351maticas b\341sicas}{section.3.2}% 20
\BOOKMARK [1][-]{section.3.3}{Din\341mica}{chapter.3}% 21
\BOOKMARK [2][-]{subsection.3.3.1}{Ecuaci\363n de movimiento de Euler}{section.3.3}% 22
\BOOKMARK [2][-]{subsection.3.3.2}{Fricci\363n}{section.3.3}% 23
\BOOKMARK [2][-]{subsection.3.3.3}{Din\341mica de elevaci\363n \(Tilting\)}{section.3.3}% 24
\BOOKMARK [2][-]{subsection.3.3.4}{Din\341mica Deseada}{section.3.3}% 25
\BOOKMARK [2][-]{subsection.3.3.5}{Acoplamiento Cruzado Elevaci\363n}{section.3.3}% 26
\BOOKMARK [2][-]{subsection.3.3.6}{Din\341mica de Elevaci\363n Transversal \(Panning\)}{section.3.3}% 27
\BOOKMARK [2][-]{subsection.3.3.7}{Propiedades del Sistema}{section.3.3}% 28
\BOOKMARK [0][-]{chapter.4}{Dise\361o del Control de Estabilizaci\363n}{}% 29
\BOOKMARK [1][-]{section.4.1}{Introducci\363n}{chapter.4}% 30
\BOOKMARK [1][-]{section.4.2}{Control Sliding Mode}{chapter.4}% 31
\BOOKMARK [2][-]{subsection.4.2.1}{Control de Elevaci\363n}{section.4.2}% 32
\BOOKMARK [2][-]{subsection.4.2.2}{Control de Elevaci\363n Cruzada}{section.4.2}% 33
\BOOKMARK [2][-]{subsection.4.2.3}{Reducci\363n del Efecto "Chattering"}{section.4.2}% 34
\BOOKMARK [1][-]{section.4.3}{Compensador Proporcional-Integral}{chapter.4}% 35
\BOOKMARK [1][-]{section.4.4}{Simulaciones}{chapter.4}% 36
\BOOKMARK [0][-]{chapter.5}{Implementaci\363n}{}% 37
\BOOKMARK [1][-]{section.5.1}{Introducci\363n}{chapter.5}% 38
\BOOKMARK [1][-]{section.5.2}{Electr\363nica}{chapter.5}% 39
\BOOKMARK [2][-]{subsection.5.2.1}{Tarjetas de Control}{section.5.2}% 40
\BOOKMARK [2][-]{subsection.5.2.2}{C\341mara}{section.5.2}% 41
\BOOKMARK [2][-]{subsection.5.2.3}{Unidad de Medici\363n Inercial}{section.5.2}% 42
\BOOKMARK [2][-]{subsection.5.2.4}{Motor}{section.5.2}% 43
\BOOKMARK [2][-]{subsection.5.2.5}{Sensores de l\355mite}{section.5.2}% 44
\BOOKMARK [1][-]{section.5.3}{Mec\341nica}{chapter.5}% 45
\BOOKMARK [2][-]{subsection.5.3.1}{Estructura Principal}{section.5.3}% 46
\BOOKMARK [1][-]{section.5.4}{Programaci\363n}{chapter.5}% 47
\BOOKMARK [2][-]{subsection.5.4.1}{Introducci\363n}{section.5.4}% 48
\BOOKMARK [2][-]{subsection.5.4.2}{Programaci\363n por Bloques}{section.5.4}% 49
\BOOKMARK [0][-]{chapter.6}{Resultados}{}% 50
\BOOKMARK [1][-]{section.6.1}{Introducci\363n}{chapter.6}% 51
\BOOKMARK [1][-]{section.6.2}{Descripci\363n de la Experimentaci\363n}{chapter.6}% 52
\BOOKMARK [1][-]{section.6.3}{Resultados Algoritmo Proporcional-Integral}{chapter.6}% 53
\BOOKMARK [1][-]{section.6.4}{Resultados Algoritmo Por Modos Deslizantes}{chapter.6}% 54
\BOOKMARK [0][-]{chapter.7}{Conclusiones y Trabajo Futuro}{}% 55
\BOOKMARK [1][-]{section.7.1}{Conclusiones}{chapter.7}% 56
\BOOKMARK [1][-]{section.7.2}{Trabajo Futuro}{chapter.7}% 57
\BOOKMARK [0][-]{appendix.A}{C\341lculos del Modelado}{}% 58
\BOOKMARK [1][-]{section.A.1}{}{appendix.A}% 59
\BOOKMARK [1][-]{section.A.2}{}{appendix.A}% 60
\BOOKMARK [1][-]{section.A.3}{}{appendix.A}% 61
\BOOKMARK [1][-]{section.A.4}{}{appendix.A}% 62
\BOOKMARK [0][-]{appendix.B}{Publicaciones}{}% 63
\BOOKMARK [1][-]{section.B.1}{Workshops}{appendix.B}% 64
\BOOKMARK [0][-]{appendix*.47}{Bibliograf\355a}{}% 65
